<?xml version="1.0" encoding="UTF-8"?>
<testng-results skipped="0" failed="0" ignored="0" total="1" passed="1">
  <reporter-output>
  </reporter-output>
  <suite name="siddhi-distribution-test-suite" duration-ms="40" started-at="2020-03-08T17:10:41Z" finished-at="2020-03-08T17:10:41Z">
    <groups>
    </groups>
    <test name="stream-processor-core" duration-ms="40" started-at="2020-03-08T17:10:41Z" finished-at="2020-03-08T17:10:41Z">
      <class name="Test1">
        <test-method status="PASS" signature="printL()[pri:0, instance:Test1@2ef5e5e3]" name="printL" duration-ms="8" started-at="2020-03-08T17:10:41Z" finished-at="2020-03-08T17:10:41Z">
          <reporter-output>
          </reporter-output>
        </test-method> <!-- printL -->
      </class> <!-- Test1 -->
    </test> <!-- stream-processor-core -->
  </suite> <!-- siddhi-distribution-test-suite -->
</testng-results>
